#
# A fatal error has been detected by the Java Runtime Environment:
#
#  EXCEPTION_ACCESS_VIOLATION (0xc0000005) at pc=0x000000007123e19e, pid=1032, tid=0x0000000000001a48
#
# JRE version: Java(TM) SE Runtime Environment (8.0_171-b11) (build 1.8.0_171-b11)
# Java VM: Java HotSpot(TM) 64-Bit Server VM (25.171-b11 mixed mode windows-amd64 compressed oops)
# Problematic frame:
# V  [jvm.dll+0x4ee19e]
#
# Failed to write core dump. Minidumps are not enabled by default on client versions of Windows
#
# If you would like to submit a bug report, please visit:
#   http://bugreport.java.com/bugreport/crash.jsp
#

---------------  T H R E A D  ---------------

Current thread (0x0000000016fa7800):  JavaThread "C2 CompilerThread0" daemon [_thread_in_native, id=6728, stack(0x0000000018270000,0x0000000018370000)]

siginfo: ExceptionCode=0xc0000005, reading address 0x00000000997dbcc0

Registers:
RAX=0x0000000016fa7800, RBX=0x0000000019b66a90, RCX=0x000000000000000d, RDX=0x000000000000001f
RSP=0x000000001836b030, RBP=0x0000000000000000, RSI=0x000000001836b668, RDI=0x00000000997dbcb0
R8 =0x0000000000000035, R9 =0x000000001a3db560, R10=0x0000000019874bb8, R11=0x0000000018c1e450
R12=0x0000000000000001, R13=0x0000000000000001, R14=0x0000000018634b68, R15=0x000000001a3e6220
RIP=0x000000007123e19e, EFLAGS=0x0000000000010246

Top of Stack: (sp=0x000000001836b030)
0x000000001836b030:   0000000000000010 0000000000000008
0x000000001836b040:   0000000000000000 000000001a3e6220
0x000000001836b050:   0000000019b66a90 00000000711d5583
0x000000001836b060:   0000000000000035 000000001836b668
0x000000001836b070:   0000000019874bb8 00000000711d5100
0x000000001836b080:   0000000019b667e0 000000001836e690
0x000000001836b090:   000000001a3db560 000000001836c560
0x000000001836b0a0:   0000000019b66a90 000000001a379da8
0x000000001836b0b0:   0000000019b675c0 000000001836b668
0x000000001836b0c0:   0000000000000035 00000000711d559b
0x000000001836b0d0:   000000001a3e6220 000000001836b601
0x000000001836b0e0:   0000000000000035 0000000000000000
0x000000001836b0f0:   0000000019b66a30 000000001836e690
0x000000001836b100:   000000001a3db560 000000001836c560
0x000000001836b110:   0000000019b675c0 000000001a379da8
0x000000001836b120:   000000001a5b73d0 000000001836b668 

Instructions: (pc=0x000000007123e19e)
0x000000007123e17e:   48 8b d9 3b 51 18 73 08 8b d2 48 8b 3c d0 eb 04
0x000000007123e18e:   48 8b 78 08 8b 0d b0 86 2c 00 ff 15 52 12 0f 00
0x000000007123e19e:   48 83 7f 10 00 75 13 48 8b 43 08 48 8b 40 10 48
0x000000007123e1ae:   8b 5c 24 30 48 83 c4 20 5f c3 48 8b c7 48 8b 5c 


Register to memory mapping:

RAX=0x0000000016fa7800 is a thread
RBX=0x0000000019b66a90 is an unknown value
RCX=0x000000000000000d is an unknown value
RDX=0x000000000000001f is an unknown value
RSP=0x000000001836b030 is pointing into the stack for thread: 0x0000000016fa7800
RBP=0x0000000000000000 is an unknown value
RSI=0x000000001836b668 is pointing into the stack for thread: 0x0000000016fa7800
RDI=0x00000000997dbcb0 is an unallocated location in the heap
R8 =0x0000000000000035 is an unknown value
R9 =0x000000001a3db560 is an unknown value
R10=0x0000000019874bb8 is an unknown value
R11=0x0000000018c1e450 is an unknown value
R12=0x0000000000000001 is an unknown value
R13=0x0000000000000001 is an unknown value
R14=0x0000000018634b68 is an unknown value
R15=0x000000001a3e6220 is an unknown value


Stack: [0x0000000018270000,0x0000000018370000],  sp=0x000000001836b030,  free space=1004k
Native frames: (J=compiled Java code, j=interpreted, Vv=VM code, C=native code)


Current CompileTask:
C2:   5694 2442   !   4       org.apache.maven.model.Plugin::clone (204 bytes)


---------------  P R O C E S S  ---------------

Java Threads: ( => current thread )
  0x000000001700b800 JavaThread "Service Thread" daemon [_thread_blocked, id=4312, stack(0x0000000017e40000,0x0000000017f40000)]
  0x0000000016fad800 JavaThread "C1 CompilerThread1" daemon [_thread_blocked, id=7112, stack(0x00000000183b0000,0x00000000184b0000)]
=>0x0000000016fa7800 JavaThread "C2 CompilerThread0" daemon [_thread_in_native, id=6728, stack(0x0000000018270000,0x0000000018370000)]
  0x0000000016fa6000 JavaThread "Attach Listener" daemon [_thread_blocked, id=6300, stack(0x0000000018170000,0x0000000018270000)]
  0x0000000016fae800 JavaThread "Signal Dispatcher" daemon [_thread_blocked, id=3632, stack(0x0000000017ff0000,0x00000000180f0000)]
  0x0000000016f8a000 JavaThread "Finalizer" daemon [_thread_blocked, id=1552, stack(0x0000000017d30000,0x0000000017e30000)]
  0x0000000016f48000 JavaThread "Reference Handler" daemon [_thread_blocked, id=4512, stack(0x0000000017b30000,0x0000000017c30000)]
  0x0000000001fd0000 JavaThread "main" [_thread_in_native, id=5760, stack(0x0000000002250000,0x0000000002350000)]

Other Threads:
  0x0000000016f3e800 VMThread [stack: 0x00000000179d0000,0x0000000017ad0000] [id=1128]
  0x00000000184b2800 WatcherThread [stack: 0x00000000189a0000,0x0000000018aa0000] [id=5328]

VM state:not at safepoint (normal execution)

VM Mutex/Monitor currently owned by a thread: None

Heap:
 PSYoungGen      total 71680K, used 10591K [0x00000000d5e00000, 0x00000000da900000, 0x0000000100000000)
  eden space 66560K, 8% used [0x00000000d5e00000,0x00000000d635be48,0x00000000d9f00000)
  from space 5120K, 99% used [0x00000000da400000,0x00000000da8fc030,0x00000000da900000)
  to   space 5120K, 0% used [0x00000000d9f00000,0x00000000d9f00000,0x00000000da400000)
 ParOldGen       total 87552K, used 5736K [0x0000000081a00000, 0x0000000086f80000, 0x00000000d5e00000)
  object space 87552K, 6% used [0x0000000081a00000,0x0000000081f9a2b8,0x0000000086f80000)
 Metaspace       used 14603K, capacity 14822K, committed 14976K, reserved 1062912K
  class space    used 1758K, capacity 1843K, committed 1920K, reserved 1048576K

Card table byte_map: [0x00000000119e0000,0x0000000011de0000] byte_map_base: 0x00000000115d3000

Marking Bits: (ParMarkBitMap*) 0x00000000715708c0
 Begin Bits: [0x00000000122e0000, 0x0000000014278000)
 End Bits:   [0x0000000014278000, 0x0000000016210000)

Polling page: 0x0000000000110000

CodeCache: size=245760Kb used=8833Kb max_used=8833Kb free=236926Kb
 bounds [0x0000000002620000, 0x0000000002ed0000, 0x0000000011620000]
 total_blobs=2803 nmethods=2469 adapters=247
 compilation: enabled

Compilation events (10 events):
Event: 5.680 Thread 0x0000000016fad800 2471       1       org.eclipse.aether.util.graph.transformer.ConflictResolver$ConflictItem::getOptionalities (5 bytes)
Event: 5.680 Thread 0x0000000016fad800 nmethod 2471 0x0000000002ec4ed0 code [0x0000000002ec5020, 0x0000000002ec5130]
Event: 5.680 Thread 0x0000000016fad800 2472       3       java.lang.Integer::hashCode (8 bytes)
Event: 5.680 Thread 0x0000000016fad800 nmethod 2472 0x0000000002ec5190 code [0x0000000002ec52e0, 0x0000000002ec5490]
Event: 5.680 Thread 0x0000000016fad800 2473       3       java.util.ArrayList::remove (69 bytes)
Event: 5.680 Thread 0x0000000016fad800 nmethod 2473 0x0000000002ec5550 code [0x0000000002ec5700, 0x0000000002ec5d68]
Event: 5.681 Thread 0x0000000016fad800 2474       3       org.eclipse.aether.util.graph.visitor.Stack::push (64 bytes)
Event: 5.681 Thread 0x0000000016fad800 nmethod 2474 0x0000000002ec6090 code [0x0000000002ec6220, 0x0000000002ec6668]
Event: 5.681 Thread 0x0000000016fad800 2475       3       org.eclipse.aether.util.graph.visitor.Stack::pop (32 bytes)
Event: 5.681 Thread 0x0000000016fad800 nmethod 2475 0x0000000002ec6810 code [0x0000000002ec6980, 0x0000000002ec6c08]

GC Heap History (8 events):
Event: 0.974 GC heap before
{Heap before GC invocations=1 (full 0):
 PSYoungGen      total 38400K, used 33280K [0x00000000d5e00000, 0x00000000d8880000, 0x0000000100000000)
  eden space 33280K, 100% used [0x00000000d5e00000,0x00000000d7e80000,0x00000000d7e80000)
  from space 5120K, 0% used [0x00000000d8380000,0x00000000d8380000,0x00000000d8880000)
  to   space 5120K, 0% used [0x00000000d7e80000,0x00000000d7e80000,0x00000000d8380000)
 ParOldGen       total 87552K, used 0K [0x0000000081a00000, 0x0000000086f80000, 0x00000000d5e00000)
  object space 87552K, 0% used [0x0000000081a00000,0x0000000081a00000,0x0000000086f80000)
 Metaspace       used 7309K, capacity 7480K, committed 7680K, reserved 1056768K
  class space    used 928K, capacity 984K, committed 1024K, reserved 1048576K
Event: 0.979 GC heap after
Heap after GC invocations=1 (full 0):
 PSYoungGen      total 38400K, used 4111K [0x00000000d5e00000, 0x00000000d8880000, 0x0000000100000000)
  eden space 33280K, 0% used [0x00000000d5e00000,0x00000000d5e00000,0x00000000d7e80000)
  from space 5120K, 80% used [0x00000000d7e80000,0x00000000d8283e60,0x00000000d8380000)
  to   space 5120K, 0% used [0x00000000d8380000,0x00000000d8380000,0x00000000d8880000)
 ParOldGen       total 87552K, used 8K [0x0000000081a00000, 0x0000000086f80000, 0x00000000d5e00000)
  object space 87552K, 0% used [0x0000000081a00000,0x0000000081a02000,0x0000000086f80000)
 Metaspace       used 7309K, capacity 7480K, committed 7680K, reserved 1056768K
  class space    used 928K, capacity 984K, committed 1024K, reserved 1048576K
}
Event: 1.841 GC heap before
{Heap before GC invocations=2 (full 0):
 PSYoungGen      total 38400K, used 37391K [0x00000000d5e00000, 0x00000000d8880000, 0x0000000100000000)
  eden space 33280K, 100% used [0x00000000d5e00000,0x00000000d7e80000,0x00000000d7e80000)
  from space 5120K, 80% used [0x00000000d7e80000,0x00000000d8283e60,0x00000000d8380000)
  to   space 5120K, 0% used [0x00000000d8380000,0x00000000d8380000,0x00000000d8880000)
 ParOldGen       total 87552K, used 8K [0x0000000081a00000, 0x0000000086f80000, 0x00000000d5e00000)
  object space 87552K, 0% used [0x0000000081a00000,0x0000000081a02000,0x0000000086f80000)
 Metaspace       used 11234K, capacity 11460K, committed 11648K, reserved 1058816K
  class space    used 1436K, capacity 1540K, committed 1664K, reserved 1048576K
Event: 1.849 GC heap after
Heap after GC invocations=2 (full 0):
 PSYoungGen      total 38400K, used 5095K [0x00000000d5e00000, 0x00000000d8880000, 0x0000000100000000)
  eden space 33280K, 0% used [0x00000000d5e00000,0x00000000d5e00000,0x00000000d7e80000)
  from space 5120K, 99% used [0x00000000d8380000,0x00000000d8879e08,0x00000000d8880000)
  to   space 5120K, 0% used [0x00000000d7e80000,0x00000000d7e80000,0x00000000d8380000)
 ParOldGen       total 87552K, used 1776K [0x0000000081a00000, 0x0000000086f80000, 0x00000000d5e00000)
  object space 87552K, 2% used [0x0000000081a00000,0x0000000081bbc208,0x0000000086f80000)
 Metaspace       used 11234K, capacity 11460K, committed 11648K, reserved 1058816K
  class space    used 1436K, capacity 1540K, committed 1664K, reserved 1048576K
}
Event: 3.346 GC heap before
{Heap before GC invocations=3 (full 0):
 PSYoungGen      total 38400K, used 38375K [0x00000000d5e00000, 0x00000000d8880000, 0x0000000100000000)
  eden space 33280K, 100% used [0x00000000d5e00000,0x00000000d7e80000,0x00000000d7e80000)
  from space 5120K, 99% used [0x00000000d8380000,0x00000000d8879e08,0x00000000d8880000)
  to   space 5120K, 0% used [0x00000000d7e80000,0x00000000d7e80000,0x00000000d8380000)
 ParOldGen       total 87552K, used 1776K [0x0000000081a00000, 0x0000000086f80000, 0x00000000d5e00000)
  object space 87552K, 2% used [0x0000000081a00000,0x0000000081bbc208,0x0000000086f80000)
 Metaspace       used 13614K, capacity 13800K, committed 14080K, reserved 1060864K
  class space    used 1670K, capacity 1738K, committed 1792K, reserved 1048576K
Event: 3.398 GC heap after
Heap after GC invocations=3 (full 0):
 PSYoungGen      total 38400K, used 5104K [0x00000000d5e00000, 0x00000000da900000, 0x0000000100000000)
  eden space 33280K, 0% used [0x00000000d5e00000,0x00000000d5e00000,0x00000000d7e80000)
  from space 5120K, 99% used [0x00000000d7e80000,0x00000000d837c010,0x00000000d8380000)
  to   space 5120K, 0% used [0x00000000da400000,0x00000000da400000,0x00000000da900000)
 ParOldGen       total 87552K, used 3773K [0x0000000081a00000, 0x0000000086f80000, 0x00000000d5e00000)
  object space 87552K, 4% used [0x0000000081a00000,0x0000000081daf528,0x0000000086f80000)
 Metaspace       used 13614K, capacity 13800K, committed 14080K, reserved 1060864K
  class space    used 1670K, capacity 1738K, committed 1792K, reserved 1048576K
}
Event: 5.487 GC heap before
{Heap before GC invocations=4 (full 0):
 PSYoungGen      total 38400K, used 38384K [0x00000000d5e00000, 0x00000000da900000, 0x0000000100000000)
  eden space 33280K, 100% used [0x00000000d5e00000,0x00000000d7e80000,0x00000000d7e80000)
  from space 5120K, 99% used [0x00000000d7e80000,0x00000000d837c010,0x00000000d8380000)
  to   space 5120K, 0% used [0x00000000da400000,0x00000000da400000,0x00000000da900000)
 ParOldGen       total 87552K, used 3773K [0x0000000081a00000, 0x0000000086f80000, 0x00000000d5e00000)
  object space 87552K, 4% used [0x0000000081a00000,0x0000000081daf528,0x0000000086f80000)
 Metaspace       used 14558K, capacity 14758K, committed 14976K, reserved 1062912K
  class space    used 1758K, capacity 1843K, committed 1920K, reserved 1048576K
Event: 5.506 GC heap after
Heap after GC invocations=4 (full 0):
 PSYoungGen      total 71680K, used 5104K [0x00000000d5e00000, 0x00000000da900000, 0x0000000100000000)
  eden space 66560K, 0% used [0x00000000d5e00000,0x00000000d5e00000,0x00000000d9f00000)
  from space 5120K, 99% used [0x00000000da400000,0x00000000da8fc030,0x00000000da900000)
  to   space 5120K, 0% used [0x00000000d9f00000,0x00000000d9f00000,0x00000000da400000)
 ParOldGen       total 87552K, used 5736K [0x0000000081a00000, 0x0000000086f80000, 0x00000000d5e00000)
  object space 87552K, 6% used [0x0000000081a00000,0x0000000081f9a2b8,0x0000000086f80000)
 Metaspace       used 14558K, capacity 14758K, committed 14976K, reserved 1062912K
  class space    used 1758K, capacity 1843K, committed 1920K, reserved 1048576K
}

Deoptimization events (10 events):
Event: 3.486 Thread 0x0000000001fd0000 Uncommon trap: reason=speculate_class_check action=maybe_recompile pc=0x0000000002c79ecc method=java.nio.charset.CharsetDecoder.decode(Ljava/nio/ByteBuffer;Ljava/nio/CharBuffer;Z)Ljava/nio/charset/CoderResult; @ 57
Event: 3.487 Thread 0x0000000001fd0000 Uncommon trap: reason=speculate_class_check action=maybe_recompile pc=0x0000000002c79ecc method=java.nio.charset.CharsetDecoder.decode(Ljava/nio/ByteBuffer;Ljava/nio/CharBuffer;Z)Ljava/nio/charset/CoderResult; @ 57
Event: 3.487 Thread 0x0000000001fd0000 Uncommon trap: reason=speculate_class_check action=maybe_recompile pc=0x0000000002c79ecc method=java.nio.charset.CharsetDecoder.decode(Ljava/nio/ByteBuffer;Ljava/nio/CharBuffer;Z)Ljava/nio/charset/CoderResult; @ 57
Event: 3.487 Thread 0x0000000001fd0000 Uncommon trap: reason=speculate_class_check action=maybe_recompile pc=0x0000000002c79ecc method=java.nio.charset.CharsetDecoder.decode(Ljava/nio/ByteBuffer;Ljava/nio/CharBuffer;Z)Ljava/nio/charset/CoderResult; @ 57
Event: 3.489 Thread 0x0000000001fd0000 Uncommon trap: reason=bimorphic action=maybe_recompile pc=0x0000000002c02b9c method=java.util.concurrent.ConcurrentHashMap.get(Ljava/lang/Object;)Ljava/lang/Object; @ 149
Event: 3.550 Thread 0x0000000001fd0000 Uncommon trap: reason=unstable_if action=reinterpret pc=0x0000000002cd127c method=java.util.ArrayList.remove(I)Ljava/lang/Object; @ 31
Event: 3.577 Thread 0x0000000001fd0000 Uncommon trap: reason=unstable_if action=reinterpret pc=0x00000000029b14bc method=java.util.HashMap.getNode(ILjava/lang/Object;)Ljava/util/HashMap$Node; @ 53
Event: 3.874 Thread 0x0000000001fd0000 Uncommon trap: reason=bimorphic action=maybe_recompile pc=0x0000000002c02b9c method=java.util.concurrent.ConcurrentHashMap.get(Ljava/lang/Object;)Ljava/lang/Object; @ 149
Event: 3.886 Thread 0x0000000001fd0000 Uncommon trap: reason=bimorphic action=maybe_recompile pc=0x0000000002c02b9c method=java.util.concurrent.ConcurrentHashMap.get(Ljava/lang/Object;)Ljava/lang/Object; @ 149
Event: 3.902 Thread 0x0000000001fd0000 Uncommon trap: reason=bimorphic action=maybe_recompile pc=0x0000000002c02b9c method=java.util.concurrent.ConcurrentHashMap.get(Ljava/lang/Object;)Ljava/lang/Object; @ 149

Classes redefined (0 events):
No events

Internal exceptions (10 events):
Event: 0.755 Thread 0x0000000001fd0000 Exception <a 'java/lang/ArrayIndexOutOfBoundsException'> (0x00000000d6f51548) thrown at [C:\re\workspace\8-2-build-windows-amd64-cygwin\jdk8u171\10807\hotspot\src\share\vm\runtime\sharedRuntime.cpp, line 605]
Event: 0.965 Thread 0x0000000001fd0000 Exception <a 'java/lang/ArrayIndexOutOfBoundsException'> (0x00000000d7e42c98) thrown at [C:\re\workspace\8-2-build-windows-amd64-cygwin\jdk8u171\10807\hotspot\src\share\vm\runtime\sharedRuntime.cpp, line 605]
Event: 0.966 Thread 0x0000000001fd0000 Exception <a 'java/lang/ArrayIndexOutOfBoundsException'> (0x00000000d7e44640) thrown at [C:\re\workspace\8-2-build-windows-amd64-cygwin\jdk8u171\10807\hotspot\src\share\vm\runtime\sharedRuntime.cpp, line 605]
Event: 1.060 Thread 0x0000000001fd0000 Exception <a 'java/lang/ArrayIndexOutOfBoundsException'> (0x00000000d5fb8500) thrown at [C:\re\workspace\8-2-build-windows-amd64-cygwin\jdk8u171\10807\hotspot\src\share\vm\runtime\sharedRuntime.cpp, line 605]
Event: 1.068 Thread 0x0000000001fd0000 Exception <a 'java/lang/ArrayIndexOutOfBoundsException'> (0x00000000d60091c0) thrown at [C:\re\workspace\8-2-build-windows-amd64-cygwin\jdk8u171\10807\hotspot\src\share\vm\runtime\sharedRuntime.cpp, line 605]
Event: 1.068 Thread 0x0000000001fd0000 Exception <a 'java/lang/ArrayIndexOutOfBoundsException'> (0x00000000d6009fc8) thrown at [C:\re\workspace\8-2-build-windows-amd64-cygwin\jdk8u171\10807\hotspot\src\share\vm\runtime\sharedRuntime.cpp, line 605]
Event: 1.989 Thread 0x0000000001fd0000 Implicit null exception at 0x00000000027fc25b to 0x00000000027fc405
Event: 2.413 Thread 0x0000000001fd0000 Implicit null exception at 0x00000000029c9495 to 0x00000000029c9665
Event: 2.413 Thread 0x0000000001fd0000 Implicit null exception at 0x00000000029abcef to 0x00000000029abd59
Event: 2.552 Thread 0x0000000001fd0000 Implicit null exception at 0x0000000002bc239d to 0x0000000002bc3549

Events (10 events):
Event: 5.516 Executing VM operation: RevokeBias
Event: 5.516 Executing VM operation: RevokeBias done
Event: 5.516 Executing VM operation: RevokeBias
Event: 5.516 Executing VM operation: RevokeBias done
Event: 5.516 Executing VM operation: RevokeBias
Event: 5.516 Executing VM operation: RevokeBias done
Event: 5.516 Executing VM operation: RevokeBias
Event: 5.516 Executing VM operation: RevokeBias done
Event: 5.516 Executing VM operation: RevokeBias
Event: 5.516 Executing VM operation: RevokeBias done


Dynamic libraries:
0x000000013f690000 - 0x000000013f6c7000 	C:\Program Files\Java\jre1.8.0_171\bin\javaw.exe
0x0000000077380000 - 0x0000000077529000 	C:\Windows\SYSTEM32\ntdll.dll
0x000007fee7a10000 - 0x000007fee7a22000 	C:\Program Files\AVAST Software\Avast\aswhook.dll
0x0000000077260000 - 0x000000007737f000 	C:\Windows\system32\kernel32.dll
0x000007fefd380000 - 0x000007fefd3eb000 	C:\Windows\system32\KERNELBASE.dll
0x000007feff420000 - 0x000007feff4fb000 	C:\Windows\system32\ADVAPI32.dll
0x000007fefd7d0000 - 0x000007fefd86f000 	C:\Windows\system32\msvcrt.dll
0x000007fefdd20000 - 0x000007fefdd3f000 	C:\Windows\SYSTEM32\sechost.dll
0x000007fefd870000 - 0x000007fefd99d000 	C:\Windows\system32\RPCRT4.dll
0x0000000077160000 - 0x000000007725a000 	C:\Windows\system32\USER32.dll
0x000007fefee70000 - 0x000007fefeed7000 	C:\Windows\system32\GDI32.dll
0x000007feff410000 - 0x000007feff41e000 	C:\Windows\system32\LPK.dll
0x000007fefeda0000 - 0x000007fefee69000 	C:\Windows\system32\USP10.dll
0x000007fefbd30000 - 0x000007fefbf24000 	C:\Windows\WinSxS\amd64_microsoft.windows.common-controls_6595b64144ccf1df_6.0.7601.17514_none_fa396087175ac9ac\COMCTL32.dll
0x000007fefdc70000 - 0x000007fefdce1000 	C:\Windows\system32\SHLWAPI.dll
0x000007fefdcf0000 - 0x000007fefdd1e000 	C:\Windows\system32\IMM32.DLL
0x000007fefdaa0000 - 0x000007fefdba9000 	C:\Windows\system32\MSCTF.dll
0x000000006b300000 - 0x000000006b3d2000 	C:\Program Files\Java\jre1.8.0_171\bin\msvcr100.dll
0x0000000070d50000 - 0x00000000715f0000 	C:\Program Files\Java\jre1.8.0_171\bin\server\jvm.dll
0x000007fefa320000 - 0x000007fefa329000 	C:\Windows\system32\WSOCK32.dll
0x000007fefd700000 - 0x000007fefd74d000 	C:\Windows\system32\WS2_32.dll
0x000007fefeee0000 - 0x000007fefeee8000 	C:\Windows\system32\NSI.dll
0x000007fefac50000 - 0x000007fefac8b000 	C:\Windows\system32\WINMM.dll
0x000007fefc220000 - 0x000007fefc22c000 	C:\Windows\system32\VERSION.dll
0x0000000077540000 - 0x0000000077547000 	C:\Windows\system32\PSAPI.DLL
0x0000000074a10000 - 0x0000000074a1f000 	C:\Program Files\Java\jre1.8.0_171\bin\verify.dll
0x00000000749e0000 - 0x0000000074a09000 	C:\Program Files\Java\jre1.8.0_171\bin\java.dll
0x00000000749c0000 - 0x00000000749d6000 	C:\Program Files\Java\jre1.8.0_171\bin\zip.dll
0x000007fefe010000 - 0x000007fefed98000 	C:\Windows\system32\SHELL32.dll
0x000007fefd4f0000 - 0x000007fefd6f3000 	C:\Windows\system32\ole32.dll
0x000007fefd130000 - 0x000007fefd13f000 	C:\Windows\system32\profapi.dll
0x00000000749a0000 - 0x00000000749ba000 	C:\Program Files\Java\jre1.8.0_171\bin\net.dll
0x000007fefc8d0000 - 0x000007fefc925000 	C:\Windows\system32\mswsock.dll
0x000007fefc8c0000 - 0x000007fefc8c7000 	C:\Windows\System32\wship6.dll
0x00000000747e0000 - 0x00000000747f1000 	C:\Program Files\Java\jre1.8.0_171\bin\nio.dll
0x000007fef9450000 - 0x000007fef9575000 	C:\Windows\system32\dbghelp.dll

VM Arguments:
jvm_args: -Dmaven.home=EMBEDDED -Dclassworlds.conf=C:\Users\123\workspace\.metadata\.plugins\org.eclipse.m2e.launching\launches\m2conf4598430673687978536.tmp -Dfile.encoding=Cp1252 
java_command: org.codehaus.plexus.classworlds.launcher.Launcher -B test
java_class_path (initial): /E:/eclipse-standard-kepler-SR2-win32-x86_64/eclipse/plugins/org.eclipse.m2e.maven.runtime_1.5.1.20150109-1819/jars/plexus-classworlds-2.5.1.jar
Launcher Type: SUN_STANDARD

Environment Variables:
CLASSPATH=C:\Program Files\Java\jdk1.8.0_171\bin;C:\Program Files\Java\jdk1.8.0_171\bin
PATH=C:/Program Files/Java/jre1.8.0_171/bin/server;C:/Program Files/Java/jre1.8.0_171/bin;C:/Program Files/Java/jre1.8.0_171/lib/amd64;C:\Program Files (x86)\Common Files\Oracle\Java\javapath;C:\Program Files (x86)\Intel\iCLS Client\;C:\Program Files\Intel\iCLS Client\;C:\Windows\system32;C:\Windows;C:\Windows\System32\Wbem;C:\Windows\System32\WindowsPowerShell\v1.0\;C:\Program Files (x86)\Intel\OpenCL SDK\2.0\bin\x86;C:\Program Files (x86)\Intel\OpenCL SDK\2.0\bin\x64;C:\Program Files\Intel\Intel(R) Management Engine Components\DAL;C:\Program Files\Intel\Intel(R) Management Engine Components\IPT;C:\Program Files (x86)\Intel\Intel(R) Management Engine Components\DAL;C:\Program Files (x86)\Intel\Intel(R) Management Engine Components\IPT;C:\Program Files (x86)\Intel\Services\IPT\;C:\Program Files\Java\jdk1.8.0_171\bin;C:\Program Files\Java\jre1.8.0_171\bin;C:\Program Files\Andy;C:\Windows\SysWOW64;C:\Windows\System32;C:\Windows\SysWOW64\wbem;C:\Windows\System32\wbem;C:\Windows\SysWOW64\WindowsPowerShell\v1.0\;C:\Windows\System32\WindowsPowerShell\v1.0\;C:\Windows\;F:\axis2-1.6.2\axis2-1.6.2\bin;C:\Program Files\nodejs\;C:\Users\123\AppData\Local\Programs\Python\Python37;C:\Users\123\AppData\Local\Programs\Python\Python37\Scripts;C:\Maven\bin;C:\Users\123\AppData\Roaming\npm;C:\Users\123\AppData\Local\Programs\Microsoft VS Code\bin;C:\Maven\bin;E:\eclipse-standard-kepler-SR2-win32-x86_64\eclipse;
USERNAME=123
OS=Windows_NT
PROCESSOR_IDENTIFIER=Intel64 Family 6 Model 42 Stepping 7, GenuineIntel



---------------  S Y S T E M  ---------------

OS: Windows 7 , 64 bit Build 7601 (6.1.7601.18015)

CPU:total 2 (initial active 2) (2 cores per cpu, 1 threads per core) family 6 model 42 stepping 7, cmov, cx8, fxsr, mmx, sse, sse2, sse3, ssse3, sse4.1, sse4.2, popcnt, clmul, tsc, tscinvbit

Memory: 4k page, physical 8280128k(3692032k free), swap 16558392k(11773928k free)

vm_info: Java HotSpot(TM) 64-Bit Server VM (25.171-b11) for windows-amd64 JRE (1.8.0_171-b11), built on Mar 28 2018 16:06:12 by "java_re" with MS VC++ 10.0 (VS2010)

time: Tue May 28 10:53:21 2019
elapsed time: 5 seconds (0d 0h 0m 5s)

